<?xml version="1.0" encoding="UTF-8"?>
<testsuite name="com.ll.CalcTest" tests="33" skipped="0" failures="1" errors="0" timestamp="2023-12-29T01:32:49" hostname="B강의장11" time="0.075">
  <properties/>
  <testcase name="1 + 1 == 2" classname="com.ll.CalcTest" time="0.029"/>
  <testcase name="2 + 1 == 3" classname="com.ll.CalcTest" time="0.0"/>
  <testcase name="2 + 2 == 4" classname="com.ll.CalcTest" time="0.0"/>
  <testcase name="123 + 456 == 579" classname="com.ll.CalcTest" time="0.001"/>
  <testcase name="1000 + 200 == 1200" classname="com.ll.CalcTest" time="0.001"/>
  <testcase name="50 - 30 == 20" classname="com.ll.CalcTest" time="0.001"/>
  <testcase name="3 - 1 == 2" classname="com.ll.CalcTest" time="0.0"/>
  <testcase name="10 + 20 + 30 == 60" classname="com.ll.CalcTest" time="0.001"/>
  <testcase name="10 - 20 + 30 == 20" classname="com.ll.CalcTest" time="0.001"/>
  <testcase name="10 - 10 - 10 - 10 == -20" classname="com.ll.CalcTest" time="0.001"/>
  <testcase name="10 - 10 - 10 - 10 + 10 + 10 - 10 == -10" classname="com.ll.CalcTest" time="0.001"/>
  <testcase name="10 * 10 == 100" classname="com.ll.CalcTest" time="0.0"/>
  <testcase name="10 * -10 == -100" classname="com.ll.CalcTest" time="0.0"/>
  <testcase name="10 * 10 * 10 == 1000" classname="com.ll.CalcTest" time="0.0"/>
  <testcase name="10 + 5 * 2 == 20" classname="com.ll.CalcTest" time="0.001"/>
  <testcase name="(10 + 20) == 30" classname="com.ll.CalcTest" time="0.0"/>
  <testcase name="((10 + 20)) == 30" classname="com.ll.CalcTest" time="0.001"/>
  <testcase name="(((10 + 20))) == 30" classname="com.ll.CalcTest" time="0.0"/>
  <testcase name="100 == 100" classname="com.ll.CalcTest" time="0.0"/>
  <testcase name="(100) == 100" classname="com.ll.CalcTest" time="0.001"/>
  <testcase name="(100)  == 100" classname="com.ll.CalcTest" time="0.001"/>
  <testcase name="(20 + 20) + 20 == 60" classname="com.ll.CalcTest" time="0.005"/>
  <testcase name="(10 + 20) * 3 == 90" classname="com.ll.CalcTest" time="0.001"/>
  <testcase name="10 + (10 + 5) == 25" classname="com.ll.CalcTest" time="0.001"/>
  <testcase name="8 + (10 + 5) == 23" classname="com.ll.CalcTest" time="0.002"/>
  <testcase name="800 + (10 + 5) == 815" classname="com.ll.CalcTest" time="0.001"/>
  <testcase name="2 * (2 + 3) == 10" classname="com.ll.CalcTest" time="0.0"/>
  <testcase name="20 * (2 + 3) == 10" classname="com.ll.CalcTest" time="0.0"/>
  <testcase name="-(10 + 5) == -15" classname="com.ll.CalcTest" time="0.004"/>
  <testcase name="-(8 + 2) * -(7 + 3) + 5 == 105" classname="com.ll.CalcTest" time="0.001"/>
  <testcase name="5 - (1 + 5) == -1" classname="com.ll.CalcTest" time="0.001"/>
  <testcase name="3 * 1 + (1 - (4 * 1 - (1 - 1))) == 0" classname="com.ll.CalcTest" time="0.002"/>
  <testcase name="1 * 2 + 3 == 5" classname="com.ll.CalcTest" time="0.003">
    <failure message="java.lang.NumberFormatException: For input string: &quot;1 * 2&quot;" type="java.lang.NumberFormatException">java.lang.NumberFormatException: For input string: &quot;1 * 2&quot;
	at java.base/java.lang.NumberFormatException.forInputString(NumberFormatException.java:67)
	at java.base/java.lang.Integer.parseInt(Integer.java:668)
	at java.base/java.lang.Integer.parseInt(Integer.java:786)
	at com.ll.Calc.run(Calc.java:52)
	at com.ll.CalcTest.t33(CalcTest.java:204)
	at java.base/jdk.internal.reflect.NativeMethodAccessorImpl.invoke0(Native Method)
	at java.base/jdk.internal.reflect.NativeMethodAccessorImpl.invoke(NativeMethodAccessorImpl.java:77)
	at java.base/jdk.internal.reflect.DelegatingMethodAccessorImpl.invoke(DelegatingMethodAccessorImpl.java:43)
	at java.base/java.lang.reflect.Method.invoke(Method.java:568)
	at org.junit.platform.commons.util.ReflectionUtils.invokeMethod(ReflectionUtils.java:727)
	at org.junit.jupiter.engine.execution.MethodInvocation.proceed(MethodInvocation.java:60)
	at org.junit.jupiter.engine.execution.InvocationInterceptorChain$ValidatingInvocation.proceed(InvocationInterceptorChain.java:131)
	at org.junit.jupiter.engine.extension.TimeoutExtension.intercept(TimeoutExtension.java:156)
	at org.junit.jupiter.engine.extension.TimeoutExtension.interceptTestableMethod(TimeoutExtension.java:147)
	at org.junit.jupiter.engine.extension.TimeoutExtension.interceptTestMethod(TimeoutExtension.java:86)
	at org.junit.jupiter.engine.execution.InterceptingExecutableInvoker$ReflectiveInterceptorCall.lambda$ofVoidMethod$0(InterceptingExecutableInvoker.java:103)
	at org.junit.jupiter.engine.execution.InterceptingExecutableInvoker.lambda$invoke$0(InterceptingExecutableInvoker.java:93)
	at org.junit.jupiter.engine.execution.InvocationInterceptorChain$InterceptedInvocation.proceed(InvocationInterceptorChain.java:106)
	at org.junit.jupiter.engine.execution.InvocationInterceptorChain.proceed(InvocationInterceptorChain.java:64)
	at org.junit.jupiter.engine.execution.InvocationInterceptorChain.chainAndInvoke(InvocationInterceptorChain.java:45)
	at org.junit.jupiter.engine.execution.InvocationInterceptorChain.invoke(InvocationInterceptorChain.java:37)
	at org.junit.jupiter.engine.execution.InterceptingExecutableInvoker.invoke(InterceptingExecutableInvoker.java:92)
	at org.junit.jupiter.engine.execution.InterceptingExecutableInvoker.invoke(InterceptingExecutableInvoker.java:86)
	at org.junit.jupiter.engine.descriptor.TestMethodTestDescriptor.lambda$invokeTestMethod$7(TestMethodTestDescriptor.java:217)
	at org.junit.platform.engine.support.hierarchical.ThrowableCollector.execute(ThrowableCollector.java:73)
	at org.junit.jupiter.engine.descriptor.TestMethodTestDescriptor.invokeTestMethod(TestMethodTestDescriptor.java:213)
	at org.junit.jupiter.engine.descriptor.TestMethodTestDescriptor.execute(TestMethodTestDescriptor.java:138)
	at org.junit.jupiter.engine.descriptor.TestMethodTestDescriptor.execute(TestMethodTestDescriptor.java:68)
	at org.junit.platform.engine.support.hierarchical.NodeTestTask.lambda$executeRecursively$6(NodeTestTask.java:151)
	at org.junit.platform.engine.support.hierarchical.ThrowableCollector.execute(ThrowableCollector.java:73)
	at org.junit.platform.engine.support.hierarchical.NodeTestTask.lambda$executeRecursively$8(NodeTestTask.java:141)
	at org.junit.platform.engine.support.hierarchical.Node.around(Node.java:137)
	at org.junit.platform.engine.support.hierarchical.NodeTestTask.lambda$executeRecursively$9(NodeTestTask.java:139)
	at org.junit.platform.engine.support.hierarchical.ThrowableCollector.execute(ThrowableCollector.java:73)
	at org.junit.platform.engine.support.hierarchical.NodeTestTask.executeRecursively(NodeTestTask.java:138)
	at org.junit.platform.engine.support.hierarchical.NodeTestTask.execute(NodeTestTask.java:95)
	at java.base/java.util.ArrayList.forEach(ArrayList.java:1511)
	at org.junit.platform.engine.support.hierarchical.SameThreadHierarchicalTestExecutorService.invokeAll(SameThreadHierarchicalTestExecutorService.java:41)
	at org.junit.platform.engine.support.hierarchical.NodeTestTask.lambda$executeRecursively$6(NodeTestTask.java:155)
	at org.junit.platform.engine.support.hierarchical.ThrowableCollector.execute(ThrowableCollector.java:73)
	at org.junit.platform.engine.support.hierarchical.NodeTestTask.lambda$executeRecursively$8(NodeTestTask.java:141)
	at org.junit.platform.engine.support.hierarchical.Node.around(Node.java:137)
	at org.junit.platform.engine.support.hierarchical.NodeTestTask.lambda$executeRecursively$9(NodeTestTask.java:139)
	at org.junit.platform.engine.support.hierarchical.ThrowableCollector.execute(ThrowableCollector.java:73)
	at org.junit.platform.engine.support.hierarchical.NodeTestTask.executeRecursively(NodeTestTask.java:138)
	at org.junit.platform.engine.support.hierarchical.NodeTestTask.execute(NodeTestTask.java:95)
	at java.base/java.util.ArrayList.forEach(ArrayList.java:1511)
	at org.junit.platform.engine.support.hierarchical.SameThreadHierarchicalTestExecutorService.invokeAll(SameThreadHierarchicalTestExecutorService.java:41)
	at org.junit.platform.engine.support.hierarchical.NodeTestTask.lambda$executeRecursively$6(NodeTestTask.java:155)
	at org.junit.platform.engine.support.hierarchical.ThrowableCollector.execute(ThrowableCollector.java:73)
	at org.junit.platform.engine.support.hierarchical.NodeTestTask.lambda$executeRecursively$8(NodeTestTask.java:141)
	at org.junit.platform.engine.support.hierarchical.Node.around(Node.java:137)
	at org.junit.platform.engine.support.hierarchical.NodeTestTask.lambda$executeRecursively$9(NodeTestTask.java:139)
	at org.junit.platform.engine.support.hierarchical.ThrowableCollector.execute(ThrowableCollector.java:73)
	at org.junit.platform.engine.support.hierarchical.NodeTestTask.executeRecursively(NodeTestTask.java:138)
	at org.junit.platform.engine.support.hierarchical.NodeTestTask.execute(NodeTestTask.java:95)
	at org.junit.platform.engine.support.hierarchical.SameThreadHierarchicalTestExecutorService.submit(SameThreadHierarchicalTestExecutorService.java:35)
	at org.junit.platform.engine.support.hierarchical.HierarchicalTestExecutor.execute(HierarchicalTestExecutor.java:57)
	at org.junit.platform.engine.support.hierarchical.HierarchicalTestEngine.execute(HierarchicalTestEngine.java:54)
	at org.junit.platform.launcher.core.EngineExecutionOrchestrator.execute(EngineExecutionOrchestrator.java:107)
	at org.junit.platform.launcher.core.EngineExecutionOrchestrator.execute(EngineExecutionOrchestrator.java:88)
	at org.junit.platform.launcher.core.EngineExecutionOrchestrator.lambda$execute$0(EngineExecutionOrchestrator.java:54)
	at org.junit.platform.launcher.core.EngineExecutionOrchestrator.withInterceptedStreams(EngineExecutionOrchestrator.java:67)
	at org.junit.platform.launcher.core.EngineExecutionOrchestrator.execute(EngineExecutionOrchestrator.java:52)
	at org.junit.platform.launcher.core.DefaultLauncher.execute(DefaultLauncher.java:114)
	at org.junit.platform.launcher.core.DefaultLauncher.execute(DefaultLauncher.java:86)
	at org.junit.platform.launcher.core.DefaultLauncherSession$DelegatingLauncher.execute(DefaultLauncherSession.java:86)
	at org.gradle.api.internal.tasks.testing.junitplatform.JUnitPlatformTestClassProcessor$CollectAllTestClassesExecutor.processAllTestClasses(JUnitPlatformTestClassProcessor.java:119)
	at org.gradle.api.internal.tasks.testing.junitplatform.JUnitPlatformTestClassProcessor$CollectAllTestClassesExecutor.access$000(JUnitPlatformTestClassProcessor.java:94)
	at org.gradle.api.internal.tasks.testing.junitplatform.JUnitPlatformTestClassProcessor.stop(JUnitPlatformTestClassProcessor.java:89)
	at org.gradle.api.internal.tasks.testing.SuiteTestClassProcessor.stop(SuiteTestClassProcessor.java:62)
	at java.base/jdk.internal.reflect.NativeMethodAccessorImpl.invoke0(Native Method)
	at java.base/jdk.internal.reflect.NativeMethodAccessorImpl.invoke(NativeMethodAccessorImpl.java:77)
	at java.base/jdk.internal.reflect.DelegatingMethodAccessorImpl.invoke(DelegatingMethodAccessorImpl.java:43)
	at java.base/java.lang.reflect.Method.invoke(Method.java:568)
	at org.gradle.internal.dispatch.ReflectionDispatch.dispatch(ReflectionDispatch.java:36)
	at org.gradle.internal.dispatch.ReflectionDispatch.dispatch(ReflectionDispatch.java:24)
	at org.gradle.internal.dispatch.ContextClassLoaderDispatch.dispatch(ContextClassLoaderDispatch.java:33)
	at org.gradle.internal.dispatch.ProxyDispatchAdapter$DispatchingInvocationHandler.invoke(ProxyDispatchAdapter.java:94)
	at jdk.proxy1/jdk.proxy1.$Proxy2.stop(Unknown Source)
	at org.gradle.api.internal.tasks.testing.worker.TestWorker$3.run(TestWorker.java:193)
	at org.gradle.api.internal.tasks.testing.worker.TestWorker.executeAndMaintainThreadName(TestWorker.java:129)
	at org.gradle.api.internal.tasks.testing.worker.TestWorker.execute(TestWorker.java:100)
	at org.gradle.api.internal.tasks.testing.worker.TestWorker.execute(TestWorker.java:60)
	at org.gradle.process.internal.worker.child.ActionExecutionWorker.execute(ActionExecutionWorker.java:56)
	at org.gradle.process.internal.worker.child.SystemApplicationClassLoaderWorker.call(SystemApplicationClassLoaderWorker.java:113)
	at org.gradle.process.internal.worker.child.SystemApplicationClassLoaderWorker.call(SystemApplicationClassLoaderWorker.java:65)
	at worker.org.gradle.process.internal.worker.GradleWorkerMain.run(GradleWorkerMain.java:69)
	at worker.org.gradle.process.internal.worker.GradleWorkerMain.main(GradleWorkerMain.java:74)
</failure>
  </testcase>
  <system-out><![CDATA[exp(1) : 1 + 1
exp(2) : 2 + 1
exp(3) : 2 + 2
exp(4) : 123 + 456
exp(5) : 1000 + 200
exp(6) : 50 - 30
exp(7) : 3 - 1
exp(8) : 10 + 20 + 30
exp(9) : 10 - 20 + 30
exp(10) : 10 - 10 - 10 - 10
exp(11) : 10 - 10 - 10 - 10 + 10 + 10 - 10
exp(12) : 10 * 10
exp(13) : 10 * -10
exp(14) : 10 * 10 * 10
exp(15) : 10 + 5 * 2
exp(16) : 5 * 2
exp(17) : 10 + 20
exp(18) : 10 + 20
exp(19) : 10 + 20
exp(20) : 100
exp(21) : 100
exp(22) : 100
exp(23) : (20 + 20) + 20
exp(24) : 20 + 20
exp(25) : 20
exp(26) : 40 + 20
exp(27) : (10 + 20) * 3
exp(28) : 10 + 20
exp(29) : 3
exp(30) : 30 * 3
exp(31) : 10 + (10 + 5)
exp(32) : 10
exp(33) : 10 + 5
exp(34) : 10 + 15
exp(35) : 8 + (10 + 5)
exp(36) : 8
exp(37) : 10 + 5
exp(38) : 8 + 15
exp(39) : 800 + (10 + 5)
exp(40) : 800
exp(41) : 10 + 5
exp(42) : 800 + 15
exp(43) : 2 * (2 + 3)
exp(44) : 2
exp(45) : 2 + 3
exp(46) : 2 * 5
exp(47) : 20 * (2 + 3)
exp(48) : 20
exp(49) : 2 + 3
exp(50) : 20 * 5
exp(51) : (10 + 5) * -1
exp(52) : 10 + 5
exp(53) : -1
exp(54) : 15 * -1
exp(55) : ((8 + 2) * -1) * ((7 + 3) * -1) + 5
exp(56) : ((8 + 2) * -1) * ((7 + 3) * -1)
exp(57) : (8 + 2) * -1
exp(58) : 8 + 2
exp(59) : -1
exp(60) : 10 * -1
exp(61) : (7 + 3) * -1
exp(62) : 7 + 3
exp(63) : -1
exp(64) : 10 * -1
exp(65) : -10 * -10
exp(66) : 5
exp(67) : 100 + 5
exp(68) : 5 - (1 + 5)
exp(69) : 5
exp(70) : (1 + 5) * -1
exp(71) : 1 + 5
exp(72) : -1
exp(73) : 6 * -1
exp(74) : 5 + -6
exp(75) : 3 * 1 + (1 - (4 * 1 - (1 - 1)))
exp(76) : 3 * 1
exp(77) : 1 + ((4 * 1 + ((1 + -1) * -1)) * -1)
exp(78) : 1
exp(79) : (4 * 1 + ((1 + -1) * -1)) * -1
exp(80) : 4 * 1 + ((1 + -1) * -1)
exp(81) : 4 * 1
exp(82) : (1 + -1) * -1
exp(83) : 1 + -1
exp(84) : -1
exp(85) : 0 * -1
exp(86) : 4 + 0
exp(87) : -1
exp(88) : 4 * -1
exp(89) : 1 + -4
exp(90) : 3 + -3
exp(91) : 1 * 2 + 3
]]></system-out>
  <system-err><![CDATA[]]></system-err>
</testsuite>
